2019-12-01 18:40:50,565 - Log4JLogChute initialized using file 'velocity.log'
2019-12-01 18:40:50,582 - Initializing Velocity, Calling init()...
2019-12-01 18:40:50,582 - Starting Apache Velocity v1.7 (compiled: 2010-11-19 12:14:37)
2019-12-01 18:40:50,582 - Default Properties File: org\apache\velocity\runtime\defaults\velocity.properties
2019-12-01 18:40:50,583 - Trying to use logger class org.apache.velocity.runtime.log.AvalonLogChute
2019-12-01 18:40:50,583 - Target log system for org.apache.velocity.runtime.log.AvalonLogChute is not available (java.lang.NoClassDefFoundError: org/apache/log/format/Formatter).  Falling back to next log system...
2019-12-01 18:40:50,583 - Trying to use logger class org.apache.velocity.runtime.log.Log4JLogChute
2019-12-01 18:40:50,583 - Using logger class org.apache.velocity.runtime.log.Log4JLogChute
2019-12-01 18:40:50,714 - ResourceLoader instantiated: org.apache.velocity.runtime.resource.loader.ClasspathResourceLoader
2019-12-01 18:40:50,835 - ResourceCache: initialized (class org.apache.velocity.runtime.resource.ResourceCacheImpl) with class java.util.Collections$SynchronizedMap cache map.
2019-12-01 18:40:50,855 - Loaded System Directive: org.apache.velocity.runtime.directive.Stop
2019-12-01 18:40:50,857 - Loaded System Directive: org.apache.velocity.runtime.directive.Define
2019-12-01 18:40:50,859 - Loaded System Directive: org.apache.velocity.runtime.directive.Break
2019-12-01 18:40:50,861 - Loaded System Directive: org.apache.velocity.runtime.directive.Evaluate
2019-12-01 18:40:50,863 - Loaded System Directive: org.apache.velocity.runtime.directive.Literal
2019-12-01 18:40:50,872 - Loaded System Directive: org.apache.velocity.runtime.directive.Macro
2019-12-01 18:40:50,875 - Loaded System Directive: org.apache.velocity.runtime.directive.Parse
2019-12-01 18:40:50,895 - Loaded System Directive: org.apache.velocity.runtime.directive.Include
2019-12-01 18:40:50,897 - Loaded System Directive: org.apache.velocity.runtime.directive.Foreach
2019-12-01 18:40:51,146 - Created '20' parsers.
2019-12-01 18:40:51,186 - Velocimacro : "velocimacro.library" is not set.  Trying default library: VM_global_library.vm
2019-12-01 18:40:51,189 - Could not load resource 'VM_global_library.vm' from ResourceLoader org.apache.velocity.runtime.resource.loader.ClasspathResourceLoader: ClasspathResourceLoader Error: cannot find resource VM_global_library.vm
2019-12-01 18:40:51,189 - Velocimacro : Default library not found.
2019-12-01 18:40:51,189 - Velocimacro : allowInline = true : VMs can be defined inline in templates
2019-12-01 18:40:51,189 - Velocimacro : allowInlineToOverride = false : VMs defined inline may NOT replace previous VM definitions
2019-12-01 18:40:51,189 - Velocimacro : allowInlineLocal = false : VMs defined inline will be global in scope if allowed.
2019-12-01 18:40:51,189 - Velocimacro : autoload off : VM system will not automatically reload global library macros
2019-12-01 18:40:51,793 - ResourceManager : found templates/common/generator/domain.java.vm with loader org.apache.velocity.runtime.resource.loader.ClasspathResourceLoader
2019-12-01 18:40:52,136 - ResourceManager : found templates/common/generator/Dao.java.vm with loader org.apache.velocity.runtime.resource.loader.ClasspathResourceLoader
2019-12-01 18:40:52,139 - ResourceManager : found templates/common/generator/Mapper.xml.vm with loader org.apache.velocity.runtime.resource.loader.ClasspathResourceLoader
2019-12-01 18:40:52,148 - ResourceManager : found templates/common/generator/Service.java.vm with loader org.apache.velocity.runtime.resource.loader.ClasspathResourceLoader
2019-12-01 18:40:52,198 - ResourceManager : found templates/common/generator/ServiceImpl.java.vm with loader org.apache.velocity.runtime.resource.loader.ClasspathResourceLoader
2019-12-01 18:40:52,402 - ResourceManager : found templates/common/generator/Controller.java.vm with loader org.apache.velocity.runtime.resource.loader.ClasspathResourceLoader
2019-12-01 18:40:52,432 - ResourceManager : found templates/common/generator/list.html.vm with loader org.apache.velocity.runtime.resource.loader.ClasspathResourceLoader
2019-12-01 18:40:52,475 - ResourceManager : found templates/common/generator/add.html.vm with loader org.apache.velocity.runtime.resource.loader.ClasspathResourceLoader
2019-12-01 18:40:52,521 - ResourceManager : found templates/common/generator/edit.html.vm with loader org.apache.velocity.runtime.resource.loader.ClasspathResourceLoader
2019-12-01 18:40:52,615 - ResourceManager : found templates/common/generator/list.js.vm with loader org.apache.velocity.runtime.resource.loader.ClasspathResourceLoader
2019-12-01 18:40:52,634 - ResourceManager : found templates/common/generator/add.js.vm with loader org.apache.velocity.runtime.resource.loader.ClasspathResourceLoader
2019-12-01 18:40:52,643 - ResourceManager : found templates/common/generator/edit.js.vm with loader org.apache.velocity.runtime.resource.loader.ClasspathResourceLoader
2019-12-01 18:40:52,661 - ResourceManager : found templates/common/generator/menu.sql.vm with loader org.apache.velocity.runtime.resource.loader.ClasspathResourceLoader
2019-12-01 18:40:54,007 - ResourceManager : found templates/common/generator/domain.java.vm with loader org.apache.velocity.runtime.resource.loader.ClasspathResourceLoader
2019-12-01 18:40:54,084 - ResourceManager : found templates/common/generator/Dao.java.vm with loader org.apache.velocity.runtime.resource.loader.ClasspathResourceLoader
2019-12-01 18:40:54,087 - ResourceManager : found templates/common/generator/Mapper.xml.vm with loader org.apache.velocity.runtime.resource.loader.ClasspathResourceLoader
2019-12-01 18:40:54,093 - ResourceManager : found templates/common/generator/Service.java.vm with loader org.apache.velocity.runtime.resource.loader.ClasspathResourceLoader
2019-12-01 18:40:54,103 - ResourceManager : found templates/common/generator/ServiceImpl.java.vm with loader org.apache.velocity.runtime.resource.loader.ClasspathResourceLoader
2019-12-01 18:40:54,165 - ResourceManager : found templates/common/generator/Controller.java.vm with loader org.apache.velocity.runtime.resource.loader.ClasspathResourceLoader
2019-12-01 18:40:54,181 - ResourceManager : found templates/common/generator/list.html.vm with loader org.apache.velocity.runtime.resource.loader.ClasspathResourceLoader
2019-12-01 18:40:54,190 - ResourceManager : found templates/common/generator/add.html.vm with loader org.apache.velocity.runtime.resource.loader.ClasspathResourceLoader
2019-12-01 18:40:54,207 - ResourceManager : found templates/common/generator/edit.html.vm with loader org.apache.velocity.runtime.resource.loader.ClasspathResourceLoader
2019-12-01 18:40:54,220 - ResourceManager : found templates/common/generator/list.js.vm with loader org.apache.velocity.runtime.resource.loader.ClasspathResourceLoader
2019-12-01 18:40:54,224 - ResourceManager : found templates/common/generator/add.js.vm with loader org.apache.velocity.runtime.resource.loader.ClasspathResourceLoader
2019-12-01 18:40:54,227 - ResourceManager : found templates/common/generator/edit.js.vm with loader org.apache.velocity.runtime.resource.loader.ClasspathResourceLoader
2019-12-01 18:40:54,238 - ResourceManager : found templates/common/generator/menu.sql.vm with loader org.apache.velocity.runtime.resource.loader.ClasspathResourceLoader
2019-12-16 11:14:00,431 - Log4JLogChute initialized using file 'velocity.log'
2019-12-16 11:14:00,473 - Initializing Velocity, Calling init()...
2019-12-16 11:14:00,474 - Starting Apache Velocity v1.7 (compiled: 2010-11-19 12:14:37)
2019-12-16 11:14:00,474 - Default Properties File: org\apache\velocity\runtime\defaults\velocity.properties
2019-12-16 11:14:00,474 - Trying to use logger class org.apache.velocity.runtime.log.AvalonLogChute
2019-12-16 11:14:00,474 - Target log system for org.apache.velocity.runtime.log.AvalonLogChute is not available (java.lang.NoClassDefFoundError: org/apache/log/format/Formatter).  Falling back to next log system...
2019-12-16 11:14:00,474 - Trying to use logger class org.apache.velocity.runtime.log.Log4JLogChute
2019-12-16 11:14:00,474 - Using logger class org.apache.velocity.runtime.log.Log4JLogChute
2019-12-16 11:14:00,480 - ResourceLoader instantiated: org.apache.velocity.runtime.resource.loader.ClasspathResourceLoader
2019-12-16 11:14:00,557 - ResourceCache: initialized (class org.apache.velocity.runtime.resource.ResourceCacheImpl) with class java.util.Collections$SynchronizedMap cache map.
2019-12-16 11:14:00,559 - Loaded System Directive: org.apache.velocity.runtime.directive.Stop
2019-12-16 11:14:00,561 - Loaded System Directive: org.apache.velocity.runtime.directive.Define
2019-12-16 11:14:00,562 - Loaded System Directive: org.apache.velocity.runtime.directive.Break
2019-12-16 11:14:00,564 - Loaded System Directive: org.apache.velocity.runtime.directive.Evaluate
2019-12-16 11:14:00,565 - Loaded System Directive: org.apache.velocity.runtime.directive.Literal
2019-12-16 11:14:00,567 - Loaded System Directive: org.apache.velocity.runtime.directive.Macro
2019-12-16 11:14:00,569 - Loaded System Directive: org.apache.velocity.runtime.directive.Parse
2019-12-16 11:14:00,571 - Loaded System Directive: org.apache.velocity.runtime.directive.Include
2019-12-16 11:14:00,573 - Loaded System Directive: org.apache.velocity.runtime.directive.Foreach
2019-12-16 11:14:00,672 - Created '20' parsers.
2019-12-16 11:14:00,682 - Velocimacro : "velocimacro.library" is not set.  Trying default library: VM_global_library.vm
2019-12-16 11:14:00,685 - Could not load resource 'VM_global_library.vm' from ResourceLoader org.apache.velocity.runtime.resource.loader.ClasspathResourceLoader: ClasspathResourceLoader Error: cannot find resource VM_global_library.vm
2019-12-16 11:14:00,685 - Velocimacro : Default library not found.
2019-12-16 11:14:00,685 - Velocimacro : allowInline = true : VMs can be defined inline in templates
2019-12-16 11:14:00,685 - Velocimacro : allowInlineToOverride = false : VMs defined inline may NOT replace previous VM definitions
2019-12-16 11:14:00,685 - Velocimacro : allowInlineLocal = false : VMs defined inline will be global in scope if allowed.
2019-12-16 11:14:00,685 - Velocimacro : autoload off : VM system will not automatically reload global library macros
2019-12-16 11:14:00,740 - ResourceManager : found templates/common/generator/domain.java.vm with loader org.apache.velocity.runtime.resource.loader.ClasspathResourceLoader
2019-12-16 11:14:00,816 - ResourceManager : found templates/common/generator/Dao.java.vm with loader org.apache.velocity.runtime.resource.loader.ClasspathResourceLoader
2019-12-16 11:14:00,818 - ResourceManager : found templates/common/generator/Mapper.xml.vm with loader org.apache.velocity.runtime.resource.loader.ClasspathResourceLoader
2019-12-16 11:14:00,820 - ResourceManager : found templates/common/generator/Service.java.vm with loader org.apache.velocity.runtime.resource.loader.ClasspathResourceLoader
2019-12-16 11:14:00,822 - ResourceManager : found templates/common/generator/ServiceImpl.java.vm with loader org.apache.velocity.runtime.resource.loader.ClasspathResourceLoader
2019-12-16 11:14:00,848 - ResourceManager : found templates/common/generator/Controller.java.vm with loader org.apache.velocity.runtime.resource.loader.ClasspathResourceLoader
2019-12-16 11:14:00,857 - ResourceManager : found templates/common/generator/list.html.vm with loader org.apache.velocity.runtime.resource.loader.ClasspathResourceLoader
2019-12-16 11:14:00,866 - ResourceManager : found templates/common/generator/add.html.vm with loader org.apache.velocity.runtime.resource.loader.ClasspathResourceLoader
2019-12-16 11:14:00,874 - ResourceManager : found templates/common/generator/edit.html.vm with loader org.apache.velocity.runtime.resource.loader.ClasspathResourceLoader
2019-12-16 11:14:00,885 - ResourceManager : found templates/common/generator/list.js.vm with loader org.apache.velocity.runtime.resource.loader.ClasspathResourceLoader
2019-12-16 11:14:00,888 - ResourceManager : found templates/common/generator/add.js.vm with loader org.apache.velocity.runtime.resource.loader.ClasspathResourceLoader
2019-12-16 11:14:00,895 - ResourceManager : found templates/common/generator/edit.js.vm with loader org.apache.velocity.runtime.resource.loader.ClasspathResourceLoader
2019-12-16 11:14:00,898 - ResourceManager : found templates/common/generator/menu.sql.vm with loader org.apache.velocity.runtime.resource.loader.ClasspathResourceLoader
2019-12-16 11:14:32,489 - ResourceManager : found templates/common/generator/domain.java.vm with loader org.apache.velocity.runtime.resource.loader.ClasspathResourceLoader
2019-12-16 11:14:32,494 - ResourceManager : found templates/common/generator/Dao.java.vm with loader org.apache.velocity.runtime.resource.loader.ClasspathResourceLoader
2019-12-16 11:14:32,496 - ResourceManager : found templates/common/generator/Mapper.xml.vm with loader org.apache.velocity.runtime.resource.loader.ClasspathResourceLoader
2019-12-16 11:14:32,497 - ResourceManager : found templates/common/generator/Service.java.vm with loader org.apache.velocity.runtime.resource.loader.ClasspathResourceLoader
2019-12-16 11:14:32,499 - ResourceManager : found templates/common/generator/ServiceImpl.java.vm with loader org.apache.velocity.runtime.resource.loader.ClasspathResourceLoader
2019-12-16 11:14:32,504 - ResourceManager : found templates/common/generator/Controller.java.vm with loader org.apache.velocity.runtime.resource.loader.ClasspathResourceLoader
2019-12-16 11:14:32,545 - ResourceManager : found templates/common/generator/list.html.vm with loader org.apache.velocity.runtime.resource.loader.ClasspathResourceLoader
2019-12-16 11:14:32,550 - ResourceManager : found templates/common/generator/add.html.vm with loader org.apache.velocity.runtime.resource.loader.ClasspathResourceLoader
2019-12-16 11:14:32,554 - ResourceManager : found templates/common/generator/edit.html.vm with loader org.apache.velocity.runtime.resource.loader.ClasspathResourceLoader
2019-12-16 11:14:32,557 - ResourceManager : found templates/common/generator/list.js.vm with loader org.apache.velocity.runtime.resource.loader.ClasspathResourceLoader
2019-12-16 11:14:32,560 - ResourceManager : found templates/common/generator/add.js.vm with loader org.apache.velocity.runtime.resource.loader.ClasspathResourceLoader
2019-12-16 11:14:32,561 - ResourceManager : found templates/common/generator/edit.js.vm with loader org.apache.velocity.runtime.resource.loader.ClasspathResourceLoader
2019-12-16 11:14:32,563 - ResourceManager : found templates/common/generator/menu.sql.vm with loader org.apache.velocity.runtime.resource.loader.ClasspathResourceLoader
2019-12-16 14:54:06,999 - Log4JLogChute initialized using file 'velocity.log'
2019-12-16 14:54:07,018 - Initializing Velocity, Calling init()...
2019-12-16 14:54:07,018 - Starting Apache Velocity v1.7 (compiled: 2010-11-19 12:14:37)
2019-12-16 14:54:07,018 - Default Properties File: org\apache\velocity\runtime\defaults\velocity.properties
2019-12-16 14:54:07,019 - Trying to use logger class org.apache.velocity.runtime.log.AvalonLogChute
2019-12-16 14:54:07,019 - Target log system for org.apache.velocity.runtime.log.AvalonLogChute is not available (java.lang.NoClassDefFoundError: org/apache/log/format/Formatter).  Falling back to next log system...
2019-12-16 14:54:07,019 - Trying to use logger class org.apache.velocity.runtime.log.Log4JLogChute
2019-12-16 14:54:07,019 - Using logger class org.apache.velocity.runtime.log.Log4JLogChute
2019-12-16 14:54:07,079 - ResourceLoader instantiated: org.apache.velocity.runtime.resource.loader.ClasspathResourceLoader
2019-12-16 14:54:07,447 - ResourceCache: initialized (class org.apache.velocity.runtime.resource.ResourceCacheImpl) with class java.util.Collections$SynchronizedMap cache map.
2019-12-16 14:54:07,462 - Loaded System Directive: org.apache.velocity.runtime.directive.Stop
2019-12-16 14:54:07,471 - Loaded System Directive: org.apache.velocity.runtime.directive.Define
2019-12-16 14:54:07,473 - Loaded System Directive: org.apache.velocity.runtime.directive.Break
2019-12-16 14:54:07,474 - Loaded System Directive: org.apache.velocity.runtime.directive.Evaluate
2019-12-16 14:54:07,476 - Loaded System Directive: org.apache.velocity.runtime.directive.Literal
2019-12-16 14:54:07,479 - Loaded System Directive: org.apache.velocity.runtime.directive.Macro
2019-12-16 14:54:07,481 - Loaded System Directive: org.apache.velocity.runtime.directive.Parse
2019-12-16 14:54:07,492 - Loaded System Directive: org.apache.velocity.runtime.directive.Include
2019-12-16 14:54:07,494 - Loaded System Directive: org.apache.velocity.runtime.directive.Foreach
2019-12-16 14:54:07,690 - Created '20' parsers.
2019-12-16 14:54:07,718 - Velocimacro : "velocimacro.library" is not set.  Trying default library: VM_global_library.vm
2019-12-16 14:54:07,721 - Could not load resource 'VM_global_library.vm' from ResourceLoader org.apache.velocity.runtime.resource.loader.ClasspathResourceLoader: ClasspathResourceLoader Error: cannot find resource VM_global_library.vm
2019-12-16 14:54:07,721 - Velocimacro : Default library not found.
2019-12-16 14:54:07,721 - Velocimacro : allowInline = true : VMs can be defined inline in templates
2019-12-16 14:54:07,721 - Velocimacro : allowInlineToOverride = false : VMs defined inline may NOT replace previous VM definitions
2019-12-16 14:54:07,721 - Velocimacro : allowInlineLocal = false : VMs defined inline will be global in scope if allowed.
2019-12-16 14:54:07,721 - Velocimacro : autoload off : VM system will not automatically reload global library macros
2019-12-16 14:54:07,878 - ResourceManager : found templates/common/generator/domain.java.vm with loader org.apache.velocity.runtime.resource.loader.ClasspathResourceLoader
2019-12-16 14:54:08,639 - ResourceManager : found templates/common/generator/Dao.java.vm with loader org.apache.velocity.runtime.resource.loader.ClasspathResourceLoader
2019-12-16 14:54:08,641 - ResourceManager : found templates/common/generator/Mapper.xml.vm with loader org.apache.velocity.runtime.resource.loader.ClasspathResourceLoader
2019-12-16 14:54:08,677 - ResourceManager : found templates/common/generator/Service.java.vm with loader org.apache.velocity.runtime.resource.loader.ClasspathResourceLoader
2019-12-16 14:54:08,679 - ResourceManager : found templates/common/generator/ServiceImpl.java.vm with loader org.apache.velocity.runtime.resource.loader.ClasspathResourceLoader
2019-12-16 14:54:08,708 - ResourceManager : found templates/common/generator/Controller.java.vm with loader org.apache.velocity.runtime.resource.loader.ClasspathResourceLoader
2019-12-16 14:54:08,733 - ResourceManager : found templates/common/generator/list.html.vm with loader org.apache.velocity.runtime.resource.loader.ClasspathResourceLoader
2019-12-16 14:54:08,748 - ResourceManager : found templates/common/generator/add.html.vm with loader org.apache.velocity.runtime.resource.loader.ClasspathResourceLoader
2019-12-16 14:54:08,756 - ResourceManager : found templates/common/generator/edit.html.vm with loader org.apache.velocity.runtime.resource.loader.ClasspathResourceLoader
2019-12-16 14:54:08,767 - ResourceManager : found templates/common/generator/list.js.vm with loader org.apache.velocity.runtime.resource.loader.ClasspathResourceLoader
2019-12-16 14:54:08,770 - ResourceManager : found templates/common/generator/add.js.vm with loader org.apache.velocity.runtime.resource.loader.ClasspathResourceLoader
2019-12-16 14:54:08,777 - ResourceManager : found templates/common/generator/edit.js.vm with loader org.apache.velocity.runtime.resource.loader.ClasspathResourceLoader
2019-12-16 14:54:08,780 - ResourceManager : found templates/common/generator/menu.sql.vm with loader org.apache.velocity.runtime.resource.loader.ClasspathResourceLoader
2020-01-04 21:58:31,060 - Log4JLogChute initialized using file 'velocity.log'
2020-01-04 21:58:31,074 - Initializing Velocity, Calling init()...
2020-01-04 21:58:31,075 - Starting Apache Velocity v1.7 (compiled: 2010-11-19 12:14:37)
2020-01-04 21:58:31,075 - Default Properties File: org\apache\velocity\runtime\defaults\velocity.properties
2020-01-04 21:58:31,075 - Trying to use logger class org.apache.velocity.runtime.log.AvalonLogChute
2020-01-04 21:58:31,075 - Target log system for org.apache.velocity.runtime.log.AvalonLogChute is not available (java.lang.NoClassDefFoundError: org/apache/log/format/Formatter).  Falling back to next log system...
2020-01-04 21:58:31,075 - Trying to use logger class org.apache.velocity.runtime.log.Log4JLogChute
2020-01-04 21:58:31,075 - Using logger class org.apache.velocity.runtime.log.Log4JLogChute
2020-01-04 21:58:31,091 - ResourceLoader instantiated: org.apache.velocity.runtime.resource.loader.ClasspathResourceLoader
2020-01-04 21:58:31,118 - ResourceCache: initialized (class org.apache.velocity.runtime.resource.ResourceCacheImpl) with class java.util.Collections$SynchronizedMap cache map.
2020-01-04 21:58:31,121 - Loaded System Directive: org.apache.velocity.runtime.directive.Stop
2020-01-04 21:58:31,124 - Loaded System Directive: org.apache.velocity.runtime.directive.Define
2020-01-04 21:58:31,125 - Loaded System Directive: org.apache.velocity.runtime.directive.Break
2020-01-04 21:58:31,128 - Loaded System Directive: org.apache.velocity.runtime.directive.Evaluate
2020-01-04 21:58:31,130 - Loaded System Directive: org.apache.velocity.runtime.directive.Literal
2020-01-04 21:58:31,134 - Loaded System Directive: org.apache.velocity.runtime.directive.Macro
2020-01-04 21:58:31,138 - Loaded System Directive: org.apache.velocity.runtime.directive.Parse
2020-01-04 21:58:31,146 - Loaded System Directive: org.apache.velocity.runtime.directive.Include
2020-01-04 21:58:31,149 - Loaded System Directive: org.apache.velocity.runtime.directive.Foreach
2020-01-04 21:58:31,309 - Created '20' parsers.
2020-01-04 21:58:31,332 - Velocimacro : "velocimacro.library" is not set.  Trying default library: VM_global_library.vm
2020-01-04 21:58:31,335 - Could not load resource 'VM_global_library.vm' from ResourceLoader org.apache.velocity.runtime.resource.loader.ClasspathResourceLoader: ClasspathResourceLoader Error: cannot find resource VM_global_library.vm
2020-01-04 21:58:31,336 - Velocimacro : Default library not found.
2020-01-04 21:58:31,336 - Velocimacro : allowInline = true : VMs can be defined inline in templates
2020-01-04 21:58:31,336 - Velocimacro : allowInlineToOverride = false : VMs defined inline may NOT replace previous VM definitions
2020-01-04 21:58:31,336 - Velocimacro : allowInlineLocal = false : VMs defined inline will be global in scope if allowed.
2020-01-04 21:58:31,336 - Velocimacro : autoload off : VM system will not automatically reload global library macros
2020-01-04 21:58:31,445 - ResourceManager : found templates/common/generator/domain.java.vm with loader org.apache.velocity.runtime.resource.loader.ClasspathResourceLoader
2020-01-04 21:58:31,506 - ResourceManager : found templates/common/generator/Dao.java.vm with loader org.apache.velocity.runtime.resource.loader.ClasspathResourceLoader
2020-01-04 21:58:31,509 - ResourceManager : found templates/common/generator/Mapper.xml.vm with loader org.apache.velocity.runtime.resource.loader.ClasspathResourceLoader
2020-01-04 21:58:31,522 - ResourceManager : found templates/common/generator/Service.java.vm with loader org.apache.velocity.runtime.resource.loader.ClasspathResourceLoader
2020-01-04 21:58:31,535 - ResourceManager : found templates/common/generator/ServiceImpl.java.vm with loader org.apache.velocity.runtime.resource.loader.ClasspathResourceLoader
2020-01-04 21:58:31,600 - ResourceManager : found templates/common/generator/Controller.java.vm with loader org.apache.velocity.runtime.resource.loader.ClasspathResourceLoader
2020-01-04 21:58:31,612 - ResourceManager : found templates/common/generator/list.html.vm with loader org.apache.velocity.runtime.resource.loader.ClasspathResourceLoader
2020-01-04 21:58:31,625 - ResourceManager : found templates/common/generator/add.html.vm with loader org.apache.velocity.runtime.resource.loader.ClasspathResourceLoader
2020-01-04 21:58:31,650 - ResourceManager : found templates/common/generator/edit.html.vm with loader org.apache.velocity.runtime.resource.loader.ClasspathResourceLoader
2020-01-04 21:58:31,678 - ResourceManager : found templates/common/generator/list.js.vm with loader org.apache.velocity.runtime.resource.loader.ClasspathResourceLoader
2020-01-04 21:58:31,684 - ResourceManager : found templates/common/generator/add.js.vm with loader org.apache.velocity.runtime.resource.loader.ClasspathResourceLoader
2020-01-04 21:58:31,688 - ResourceManager : found templates/common/generator/edit.js.vm with loader org.apache.velocity.runtime.resource.loader.ClasspathResourceLoader
2020-01-04 21:58:31,701 - ResourceManager : found templates/common/generator/menu.sql.vm with loader org.apache.velocity.runtime.resource.loader.ClasspathResourceLoader
